[2026-04-20 04:41:59] ALERT level=MEDIUM rule=sensitive_file_access container=order-processor-localstack pid=4049059 ppid=2852483 uid=0 comm=curl msg=Container accessed system file: /etc/passwd
[2026-04-20 04:42:10] ALERT level=MEDIUM rule=sensitive_file_access container=order-processor-localstack pid=4049137 ppid=2852483 uid=0 comm=curl msg=Container accessed system file: /etc/passwd
[2026-04-20 04:42:20] ALERT level=MEDIUM rule=sensitive_file_access container=order-processor-localstack pid=4049155 ppid=2852483 uid=0 comm=curl msg=Container accessed system file: /etc/passwd
[2026-04-20 04:42:30] ALERT level=MEDIUM rule=sensitive_file_access container=order-processor-localstack pid=4049196 ppid=2852483 uid=0 comm=curl msg=Container accessed system file: /etc/passwd
[2026-04-20 04:42:34] ALERT level=MEDIUM rule=sensitive_file_access container=order-processor-inventory_service pid=4049230 ppid=2868312 uid=0 comm=curl msg=Container accessed system file: /etc/passwd
[2026-04-20 04:42:36] ALERT level=MEDIUM rule=sensitive_file_access container=order-processor-auth_service pid=4049261 ppid=2868372 uid=1000 comm=curl msg=Container accessed system file: /etc/passwd
[2026-04-20 04:42:36] ALERT level=MEDIUM rule=sensitive_file_access container=order-processor-user_service pid=4049276 ppid=2868272 uid=0 comm=curl msg=Container accessed system file: /etc/passwd
[2026-04-20 04:42:40] ALERT level=MEDIUM rule=sensitive_file_access container=order-processor-localstack pid=4049308 ppid=2852483 uid=0 comm=curl msg=Container accessed system file: /etc/passwd
[2026-04-20 04:42:50] ALERT level=MEDIUM rule=sensitive_file_access container=order-processor-localstack pid=4049332 ppid=2852483 uid=0 comm=curl msg=Container accessed system file: /etc/passwd
[2026-04-20 04:42:51] ALERT level=MEDIUM rule=sensitive_file_access container=order-processor-insights_service pid=4049347 ppid=2869092 uid=0 comm=curl msg=Container accessed system file: /etc/passwd
[2026-04-20 04:42:51] ALERT level=MEDIUM rule=sensitive_file_access container=order-processor-order_service pid=4049363 ppid=2868362 uid=0 comm=curl msg=Container accessed system file: /etc/passwd
[2026-04-20 04:43:00] ALERT level=MEDIUM rule=sensitive_file_access container=order-processor-localstack pid=4049407 ppid=2852483 uid=0 comm=curl msg=Container accessed system file: /etc/passwd
[2026-04-20 04:43:10] ALERT level=MEDIUM rule=sensitive_file_access container=order-processor-localstack pid=4049460 ppid=2852483 uid=0 comm=curl msg=Container accessed system file: /etc/passwd
[2026-04-20 04:43:17] ALERT level=LOW rule=short_lived_failure container=unknown pid=4049483 ppid=0 uid=0 comm=cat msg=Process exited quickly with error — possible failed exploit
[2026-04-20 04:43:21] ALERT level=MEDIUM rule=sensitive_file_access container=order-processor-localstack pid=4049502 ppid=2852483 uid=0 comm=curl msg=Container accessed system file: /etc/passwd
[2026-04-20 04:43:21] ALERT level=HIGH rule=sensitive_file_access container=order-processor-inventory_service pid=2868345 ppid=2868312 uid=0 comm=python msg=Container accessed sensitive file: /root/.local/lib/python3.11/site-packages/certifi/cacert.pem
[2026-04-20 05:22:47] ALERT level=HIGH rule=sensitive_file_access container=order-processor-auth_service pid=4063698 ppid=2868372 uid=1000 comm=cat msg=Container accessed sensitive file: /etc/shadow
[2026-04-20 05:22:47] ALERT level=LOW rule=short_lived_failure container=order-processor-auth_service pid=4063698 ppid=2868372 uid=0 comm=cat msg=Process exited quickly with error — possible failed exploit
[2026-04-20 05:22:52] ALERT level=LOW rule=short_lived_failure container=unknown pid=4063723 ppid=4018865 uid=0 comm=bash msg=Process exited quickly with error — possible failed exploit
[2026-04-20 05:24:08] ALERT level=LOW rule=short_lived_failure container=unknown pid=4064160 ppid=4018865 uid=0 comm=bash msg=Process exited quickly with error — possible failed exploit
[2026-04-20 05:39:59] ALERT level=LOW rule=short_lived_failure container=unknown pid=4069739 ppid=4018865 uid=0 comm=bash msg=Process exited quickly with error — possible failed exploit
[2026-04-20 05:40:09] ALERT level=HIGH rule=sensitive_file_access container=order-processor-auth_service pid=4069800 ppid=2868372 uid=1000 comm=cat msg=Container accessed sensitive file: /etc/shadow
[2026-04-20 05:40:09] ALERT level=LOW rule=short_lived_failure container=order-processor-auth_service pid=4069800 ppid=4069791 uid=0 comm=cat msg=Process exited quickly with error — possible failed exploit
